<?xml version="1.0" encoding="UTF-8"?>
<!-- Generated by org.testng.reporters.JUnitReportReporter -->
<testsuite hostname="Ahmad" failures="0" tests="2" name="AppiumExamples.Appium_Hardcoded_Examples.H_scrolling" time="18.632" errors="0" timestamp="2024-12-29T19:51:36 EST" skipped="1">
  <testcase classname="AppiumExamples.Appium_Hardcoded_Examples.H_scrolling" name="scrollUsingJavaScriptExecutor" time="18.632"/>
  <testcase classname="AppiumExamples.Appium_Hardcoded_Examples.H_scrolling" name="scrollUsingAndroidUiAutomator">
    <skipped/>
  </testcase> <!-- scrollUsingAndroidUiAutomator -->
</testsuite> <!-- AppiumExamples.Appium_Hardcoded_Examples.H_scrolling -->
