<?xml version="1.0" encoding="UTF-8"?>
<!-- Generated by org.testng.reporters.JUnitReportReporter -->
<testsuite hostname="Ahmad" failures="0" tests="1" name="AppiumExamples.Appium_Hardcoded_Examples.AppiumTest" time="0.010" errors="0" timestamp="2024-11-23T17:23:25 EST" skipped="0">
  <testcase classname="AppiumExamples.Appium_Hardcoded_Examples.AppiumTest" name="appiumTesting" time="0.010"/>
</testsuite> <!-- AppiumExamples.Appium_Hardcoded_Examples.AppiumTest -->
