<?xml version="1.0" encoding="UTF-8"?>
<!-- Generated by org.testng.reporters.JUnitReportReporter -->
<testsuite hostname="Ahmad" failures="0" tests="1" name="AppiumExamples.Appium_Hardcoded_Examples.longPress_javaScriptExecutorTest" time="14.103" errors="0" timestamp="2024-12-01T21:02:46 EST" skipped="0">
  <testcase classname="AppiumExamples.Appium_Hardcoded_Examples.longPress_javaScriptExecutorTest" name="longPressGesture" time="14.103"/>
</testsuite> <!-- AppiumExamples.Appium_Hardcoded_Examples.longPress_javaScriptExecutorTest -->
