<?xml version="1.0" encoding="UTF-8"?>
<!-- Generated by org.testng.reporters.JUnitReportReporter -->
<testsuite hostname="Ahmad" failures="0" tests="1" name="AppiumExamples.Appium_Hardcoded_Examples.E_AppiumLocators_Notes" time="17.460" errors="0" timestamp="2024-11-30T23:04:46 EST" skipped="0">
  <testcase classname="AppiumExamples.Appium_Hardcoded_Examples.E_AppiumLocators_Notes" name="navigateToPreferenceButtons" time="17.460"/>
</testsuite> <!-- AppiumExamples.Appium_Hardcoded_Examples.E_AppiumLocators_Notes -->
