<?xml version="1.0" encoding="UTF-8"?>
<!-- Generated by org.testng.reporters.JUnitReportReporter -->
<testsuite hostname="Ahmad" failures="0" tests="1" name="AppiumExamples.Appium_Hardcoded_Examples.BaseTest" time="15.248" errors="0" timestamp="2024-11-25T21:11:54 EST" skipped="0">
  <testcase classname="AppiumExamples.Appium_Hardcoded_Examples.BaseTest" name="base" time="15.248"/>
</testsuite> <!-- AppiumExamples.Appium_Hardcoded_Examples.BaseTest -->
