<?xml version="1.0" encoding="UTF-8"?>
<!-- Generated by org.testng.reporters.JUnitReportReporter -->
<testsuite hostname="Ahmad" failures="0" tests="1" name="AppiumExamples.Appium_Hardcoded_Examples.M_AppPackage_AppActivity_Concepts" time="14.678" errors="0" timestamp="2024-12-29T19:35:29 EST" skipped="0">
  <testcase classname="AppiumExamples.Appium_Hardcoded_Examples.M_AppPackage_AppActivity_Concepts" name="m" time="14.678"/>
</testsuite> <!-- AppiumExamples.Appium_Hardcoded_Examples.M_AppPackage_AppActivity_Concepts -->
