<?xml version="1.0" encoding="UTF-8"?>
<!-- Generated by org.testng.reporters.JUnitReportReporter -->
<testsuite hostname="Ahmad" failures="0" tests="2" name="AppiumExamples.Appium_Hardcoded_Examples.O_Verify_Toastmessages_realTime" time="14.935" errors="0" timestamp="2025-01-10T23:30:34 EST" skipped="1">
  <testcase classname="AppiumExamples.Appium_Hardcoded_Examples.O_Verify_Toastmessages_realTime" name="toastmessages" time="14.935"/>
  <testcase classname="AppiumExamples.Appium_Hardcoded_Examples.O_Verify_Toastmessages_realTime" name="alternativeToastMessage">
    <skipped/>
  </testcase> <!-- alternativeToastMessage -->
</testsuite> <!-- AppiumExamples.Appium_Hardcoded_Examples.O_Verify_Toastmessages_realTime -->
