<?xml version="1.0" encoding="UTF-8"?>
<!-- Generated by org.testng.reporters.JUnitReportReporter -->
<testsuite hostname="Ahmad" failures="0" tests="1" name="AppiumExamples.Appium_Hardcoded_Examples.AppiumBasicsTest" time="7.641" errors="0" timestamp="2024-11-23T22:52:24 EST" skipped="0">
  <testcase classname="AppiumExamples.Appium_Hardcoded_Examples.AppiumBasicsTest" name="appiumBasics" time="7.641"/>
</testsuite> <!-- AppiumExamples.Appium_Hardcoded_Examples.AppiumBasicsTest -->
