<?xml version="1.0" encoding="UTF-8"?>
<!-- Generated by org.testng.reporters.JUnitReportReporter -->
<testsuite hostname="Ahmad" failures="0" tests="2" name="AppiumExamples.Appium_Hardcoded_Examples.D_navigationTest" time="28.426" errors="0" timestamp="2024-11-27T00:43:51 EST" skipped="0">
  <testcase classname="AppiumExamples.Appium_Hardcoded_Examples.D_navigationTest" name="navigateToGraphicsButton" time="19.700"/>
  <testcase classname="AppiumExamples.Appium_Hardcoded_Examples.D_navigationTest" name="navigateToPreferenceButton" time="8.726"/>
</testsuite> <!-- AppiumExamples.Appium_Hardcoded_Examples.D_navigationTest -->
