<?xml version="1.0" encoding="UTF-8"?>
<!-- Generated by org.testng.reporters.JUnitReportReporter -->
<testsuite hostname="Ahmad" failures="0" tests="2" name="AppiumExamples.Appium_Hardcoded_Examples.I_Swiping" time="24.299" errors="0" timestamp="2024-12-20T00:35:29 EST" skipped="1">
  <testcase classname="AppiumExamples.Appium_Hardcoded_Examples.I_Swiping" name="swipingUsingBaseUtility" time="24.299"/>
  <testcase classname="AppiumExamples.Appium_Hardcoded_Examples.I_Swiping" name="swipingHarcoded">
    <skipped/>
  </testcase> <!-- swipingHarcoded -->
</testsuite> <!-- AppiumExamples.Appium_Hardcoded_Examples.I_Swiping -->
