<?xml version="1.0" encoding="UTF-8"?>
<!-- Generated by org.testng.reporters.JUnitReportReporter -->
<testsuite hostname="Ahmad" failures="0" tests="2" name="AppiumExamples.Appium_Hardcoded_Examples.L_Orientatio_keyEvents" time="27.662" errors="0" timestamp="2024-12-23T22:45:49 EST" skipped="1">
  <testcase classname="AppiumExamples.Appium_Hardcoded_Examples.L_Orientatio_keyEvents" name="clipBoardTest" time="27.662"/>
  <testcase classname="AppiumExamples.Appium_Hardcoded_Examples.L_Orientatio_keyEvents" name="landScapeMode">
    <skipped/>
  </testcase> <!-- landScapeMode -->
</testsuite> <!-- AppiumExamples.Appium_Hardcoded_Examples.L_Orientatio_keyEvents -->
