<?xml version="1.0" encoding="UTF-8"?>
<!-- Generated by org.testng.reporters.JUnitReportReporter -->
<testsuite hostname="Ahmad" failures="0" tests="1" name="AppiumExamples.Appium_Hardcoded_Examples.D_navigationTest" time="60.429" errors="0" timestamp="2024-11-26T22:17:58 EST" skipped="0">
  <testcase classname="AppiumExamples.Appium_Hardcoded_Examples.D_navigationTest" name="navigate" time="60.429"/>
</testsuite> <!-- AppiumExamples.Appium_Hardcoded_Examples.D_navigationTest -->
