<?xml version="1.0" encoding="UTF-8"?>
<!-- Generated by org.testng.reporters.JUnitReportReporter -->
<testsuite hostname="Ahmad" failures="0" tests="1" name="AppiumExamples.Appium_Hardcoded_Examples.F_popUpsTest" time="17.545" errors="0" timestamp="2024-12-01T01:33:47 EST" skipped="0">
  <testcase classname="AppiumExamples.Appium_Hardcoded_Examples.F_popUpsTest" name="popUps" time="17.545"/>
</testsuite> <!-- AppiumExamples.Appium_Hardcoded_Examples.F_popUpsTest -->
