<?xml version="1.0" encoding="UTF-8"?>
<!-- Generated by org.testng.reporters.JUnitReportReporter -->
<testsuite hostname="Ahmad" failures="0" tests="2" name="AppiumExamples.Appium_Hardcoded_Examples.H_scrolling" time="20.771" errors="0" timestamp="2024-12-19T23:40:41 EST" skipped="1">
  <testcase classname="AppiumExamples.Appium_Hardcoded_Examples.H_scrolling" name="scrollUsingJavaScriptExecutor" time="20.771"/>
  <testcase classname="AppiumExamples.Appium_Hardcoded_Examples.H_scrolling" name="scrollUsingAndroidUiAutomator">
    <skipped/>
  </testcase> <!-- scrollUsingAndroidUiAutomator -->
</testsuite> <!-- AppiumExamples.Appium_Hardcoded_Examples.H_scrolling -->
