<?xml version="1.0" encoding="UTF-8"?>
<!-- Generated by org.testng.reporters.JUnitReportReporter -->
<testsuite hostname="Ahmad" failures="0" tests="1" name="AppiumExamples.Appium_Hardcoded_Examples.N_realTime_eCommerce_app" time="26.654" errors="0" timestamp="2025-01-11T00:56:13 EST" skipped="0">
  <testcase classname="AppiumExamples.Appium_Hardcoded_Examples.N_realTime_eCommerce_app" name="fillInfo_clickLetsShop" time="26.654"/>
</testsuite> <!-- AppiumExamples.Appium_Hardcoded_Examples.N_realTime_eCommerce_app -->
