<?xml version="1.0" encoding="UTF-8"?>
<!-- Generated by org.testng.reporters.JUnitReportReporter -->
<testsuite hostname="Ahmad" failures="0" tests="2" name="AppiumExamples.Appium_Hardcoded_Examples.A_AppiumEmulatorBasicsTest" time="11.994" errors="0" timestamp="2024-11-25T19:41:45 EST" skipped="1">
  <testcase classname="AppiumExamples.Appium_Hardcoded_Examples.A_AppiumEmulatorBasicsTest" name="appiumEmulatorBasics2" time="11.994"/>
  <testcase classname="AppiumExamples.Appium_Hardcoded_Examples.A_AppiumEmulatorBasicsTest" name="appiumEmulatorBasics1">
    <skipped/>
  </testcase> <!-- appiumEmulatorBasics1 -->
</testsuite> <!-- AppiumExamples.Appium_Hardcoded_Examples.A_AppiumEmulatorBasicsTest -->
