<?xml version="1.0" encoding="UTF-8"?>
<!-- Generated by org.testng.reporters.JUnitReportReporter -->
<testsuite hostname="Ahmad" failures="0" tests="1" name="AppiumExamples.Appium_Hardcoded_Examples.G_longPress_javaScriptExecutorTest" time="27.582" errors="0" timestamp="2024-12-09T01:21:12 EST" skipped="0">
  <testcase classname="AppiumExamples.Appium_Hardcoded_Examples.G_longPress_javaScriptExecutorTest" name="longPressGesture" time="27.582"/>
</testsuite> <!-- AppiumExamples.Appium_Hardcoded_Examples.G_longPress_javaScriptExecutorTest -->
