<?xml version="1.0" encoding="UTF-8"?>
<!-- Generated by org.testng.reporters.JUnitReportReporter -->
<testsuite hostname="Ahmad" failures="0" tests="1" name="AppiumExamples.Appium_Hardcoded_Examples.N_realTime_eCommerce_app" time="50.361" errors="0" timestamp="2024-12-30T23:11:35 EST" skipped="0">
  <testcase classname="AppiumExamples.Appium_Hardcoded_Examples.N_realTime_eCommerce_app" name="eCommerceApp" time="50.361"/>
</testsuite> <!-- AppiumExamples.Appium_Hardcoded_Examples.N_realTime_eCommerce_app -->
