<?xml version="1.0" encoding="UTF-8"?>
<!-- Generated by org.testng.reporters.JUnitReportReporter -->
<testsuite hostname="Ahmad" failures="0" tests="1" name="AppiumExamples.Appium_Hardcoded_Examples.B_firstAppiumTest" time="19.688" errors="0" timestamp="2024-11-25T20:40:54 EST" skipped="0">
  <testcase classname="AppiumExamples.Appium_Hardcoded_Examples.B_firstAppiumTest" name="firstAppium" time="19.688"/>
</testsuite> <!-- AppiumExamples.Appium_Hardcoded_Examples.B_firstAppiumTest -->
