<?xml version="1.0" encoding="UTF-8"?>
<!-- Generated by org.testng.reporters.JUnitReportReporter -->
<testsuite hostname="Ahmad" failures="0" tests="3" name="AppiumExamples.Appium_Hardcoded_Examples.L_Orientation_CipBoard_keyEvents" time="37.296" errors="0" timestamp="2024-12-24T00:18:03 EST" skipped="2">
  <testcase classname="AppiumExamples.Appium_Hardcoded_Examples.L_Orientation_CipBoard_keyEvents" name="systemKeyEvents" time="37.296"/>
  <testcase classname="AppiumExamples.Appium_Hardcoded_Examples.L_Orientation_CipBoard_keyEvents" name="landScapeMode">
    <skipped/>
  </testcase> <!-- landScapeMode -->
  <testcase classname="AppiumExamples.Appium_Hardcoded_Examples.L_Orientation_CipBoard_keyEvents" name="clipBoardFunctionalityTest">
    <skipped/>
  </testcase> <!-- clipBoardFunctionalityTest -->
</testsuite> <!-- AppiumExamples.Appium_Hardcoded_Examples.L_Orientation_CipBoard_keyEvents -->
