<?xml version="1.0" encoding="UTF-8"?>
<!-- Generated by org.testng.reporters.JUnitReportReporter -->
<testsuite hostname="Ahmad" failures="0" tests="2" name="AppiumExamples.Appium_Hardcoded_Examples.AppiumEmulatorBasicsTest" time="7.160" errors="0" timestamp="2024-11-24T21:25:50 EST" skipped="1">
  <testcase classname="AppiumExamples.Appium_Hardcoded_Examples.AppiumEmulatorBasicsTest" name="appiumEmulatorBasics2" time="7.160"/>
  <testcase classname="AppiumExamples.Appium_Hardcoded_Examples.AppiumEmulatorBasicsTest" name="appiumEmulatorBasics1">
    <skipped/>
  </testcase> <!-- appiumEmulatorBasics1 -->
</testsuite> <!-- AppiumExamples.Appium_Hardcoded_Examples.AppiumEmulatorBasicsTest -->
