<?xml version="1.0" encoding="UTF-8"?>
<!-- Generated by org.testng.reporters.JUnitReportReporter -->
<testsuite hostname="Ahmad" failures="0" tests="2" name="AppiumExamples.Appium_Hardcoded_Examples.J_DragNdrop" time="23.806" errors="0" timestamp="2024-12-20T23:10:27 EST" skipped="1">
  <testcase classname="AppiumExamples.Appium_Hardcoded_Examples.J_DragNdrop" name="dragDropGestureUsingUtility" time="23.806"/>
  <testcase classname="AppiumExamples.Appium_Hardcoded_Examples.J_DragNdrop" name="dragDropGestureHardCoded">
    <skipped/>
  </testcase> <!-- dragDropGestureHardCoded -->
</testsuite> <!-- AppiumExamples.Appium_Hardcoded_Examples.J_DragNdrop -->
