<?xml version="1.0" encoding="UTF-8"?>
<!-- Generated by org.testng.reporters.JUnitReportReporter -->
<testsuite hostname="Ahmad" failures="0" tests="2" name="AppiumExamples.Appium_Hardcoded_Examples.D_navigationTest" time="12.975" errors="0" timestamp="2024-11-29T22:41:21 EST" skipped="1">
  <testcase classname="AppiumExamples.Appium_Hardcoded_Examples.D_navigationTest" name="navigateToPreferenceButton" time="12.975"/>
  <testcase classname="AppiumExamples.Appium_Hardcoded_Examples.D_navigationTest" name="navigateToGraphicsButton">
    <skipped/>
  </testcase> <!-- navigateToGraphicsButton -->
</testsuite> <!-- AppiumExamples.Appium_Hardcoded_Examples.D_navigationTest -->
