<?xml version="1.0" encoding="UTF-8"?>
<!-- Generated by org.testng.reporters.JUnitReportReporter -->
<testsuite hostname="Ahmad" failures="0" tests="1" name="AppiumExamples.Appium_Hardcoded_Examples.G_longPress_javaScriptExecutorTest" time="23.430" errors="0" timestamp="2024-12-11T00:11:36 EST" skipped="0">
  <testcase classname="AppiumExamples.Appium_Hardcoded_Examples.G_longPress_javaScriptExecutorTest" name="longPressGesture" time="23.430"/>
</testsuite> <!-- AppiumExamples.Appium_Hardcoded_Examples.G_longPress_javaScriptExecutorTest -->
