<?xml version="1.0" encoding="UTF-8"?>
<!-- Generated by org.testng.reporters.JUnitReportReporter -->
<testsuite hostname="Ahmad" failures="0" tests="1" name="AppiumExamples.Appium_Hardcoded_Examples.G_longPress_javaScriptExecutorTest" time="33.339" errors="0" timestamp="2024-12-09T22:30:45 EST" skipped="0">
  <testcase classname="AppiumExamples.Appium_Hardcoded_Examples.G_longPress_javaScriptExecutorTest" name="longPressGesture" time="33.339"/>
</testsuite> <!-- AppiumExamples.Appium_Hardcoded_Examples.G_longPress_javaScriptExecutorTest -->
