<?xml version="1.0" encoding="UTF-8"?>
<!-- Generated by org.testng.reporters.JUnitReportReporter -->
<testsuite hostname="Ahmad" failures="0" tests="2" name="AppiumExamples.Appium_Hardcoded_Examples.H_scrolling" time="17.828" errors="0" timestamp="2024-12-13T00:03:37 EST" skipped="1">
  <testcase classname="AppiumExamples.Appium_Hardcoded_Examples.H_scrolling" name="scrollUsingJavaScriptExecutor" time="17.828"/>
  <testcase classname="AppiumExamples.Appium_Hardcoded_Examples.H_scrolling" name="scrollUsingAndroidUiAutomator">
    <skipped/>
  </testcase> <!-- scrollUsingAndroidUiAutomator -->
</testsuite> <!-- AppiumExamples.Appium_Hardcoded_Examples.H_scrolling -->
