<?xml version="1.0" encoding="UTF-8"?>
<!-- Generated by org.testng.reporters.JUnitReportReporter -->
<testsuite hostname="Ahmad" failures="0" tests="1" name="AppiumExamples.Appium_Hardcoded_Examples.P_AddingItemsToCart" time="38.940" errors="0" timestamp="2025-01-11T01:47:55 EST" skipped="0">
  <testcase classname="AppiumExamples.Appium_Hardcoded_Examples.P_AddingItemsToCart" name="test" time="38.940"/>
</testsuite> <!-- AppiumExamples.Appium_Hardcoded_Examples.P_AddingItemsToCart -->
